This is pdfTeX, Version 3.14159265-2.6-1.40.20 (MiKTeX 2.9.7250 64-bit) (preloaded format=pdflatex 2020.2.8)  29 MAY 2020 18:04
entering extended mode
**"c:/Users/Shaily Mishra/Desktop/Summer Research/Templates/Latex/FAQ/faq.tex"
("c:/Users/Shaily Mishra/Desktop/Summer Research/Templates/Latex/FAQ/faq.tex"
LaTeX2e <2019-10-01> patch level 3
("C:\Users\Shaily Mishra\AppData\Local\Programs\MiKTeX 2.9\tex/latex/base\article.cls"
Document Class: article 2019/10/25 v1.4k Standard LaTeX document class
("C:\Users\Shaily Mishra\AppData\Local\Programs\MiKTeX 2.9\tex/latex/base\size10.clo"
File: size10.clo 2019/10/25 v1.4k Standard LaTeX file (size option)
)
\c@part=\count80
\c@section=\count81
\c@subsection=\count82
\c@subsubsection=\count83
\c@paragraph=\count84
\c@subparagraph=\count85
\c@figure=\count86
\c@table=\count87
\abovecaptionskip=\skip41
\belowcaptionskip=\skip42
\bibindent=\dimen102
) ("C:\Users\Shaily Mishra\AppData\Local\Programs\MiKTeX 2.9\tex/latex/enumitem\enumitem.sty"
Package: enumitem 2019/06/20 v3.9 Customized lists
\enitkv@toks@=\toks14
\labelindent=\skip43
\enit@outerparindent=\dimen103
\enit@toks=\toks15
\enit@inbox=\box27
\enit@count@id=\count88
\enitdp@description=\count89
) ("c:/Users\Shaily Mishra\Desktop\Summer Research\Templates\Latex\FAQ\faq.aux")
\openout1 = `faq.aux'.

LaTeX Font Info:    Checking defaults for OML/cmm/m/it on input line 7.
LaTeX Font Info:    ... okay on input line 7.
LaTeX Font Info:    Checking defaults for T1/cmr/m/n on input line 7.
LaTeX Font Info:    ... okay on input line 7.
LaTeX Font Info:    Checking defaults for OT1/cmr/m/n on input line 7.
LaTeX Font Info:    ... okay on input line 7.
LaTeX Font Info:    Checking defaults for OMS/cmsy/m/n on input line 7.
LaTeX Font Info:    ... okay on input line 7.
LaTeX Font Info:    Checking defaults for OMX/cmex/m/n on input line 7.
LaTeX Font Info:    ... okay on input line 7.
LaTeX Font Info:    Checking defaults for U/cmr/m/n on input line 7.
LaTeX Font Info:    ... okay on input line 7.

Overfull \hbox (12.58405pt too wide) in paragraph at lines 9--10
[]\OT1/cmr/m/n/10 https://tex.stackexchange.com/questions/146306/how-to-make-horizontal-lists 
 []


Overfull \hbox (9.27844pt too wide) in paragraph at lines 18--19
[]\OT1/cmr/m/n/10 https://tex.stackexchange.com/questions/42905/enumerated-list-with-square-
 []

[1

{C:/Users/Shaily Mishra/AppData/Local/MiKTeX/2.9/pdftex/config/pdftex.map}] ("c:/Users\Shaily Mishra\Desktop\Summer Research\Templates\Latex\FAQ\faq.aux") ) 
Here is how much of TeX's memory you used:
 556 strings out of 492480
 8627 string characters out of 3117928
 70685 words of memory out of 3000000
 4983 multiletter control sequences out of 15000+200000
 4245 words of font info for 16 fonts, out of 3000000 for 9000
 1141 hyphenation exceptions out of 8191
 25i,4n,27p,224b,127s stack positions out of 5000i,500n,10000p,200000b,50000s
<C:/Users/Shaily Mishra/AppData/Local/Programs/MiKTeX 2.9/fonts/type1/public/amsfonts/cm/cmbx12.pfb><C:/Users/Shaily Mishra/AppData/Local/Programs/MiKTeX 2.9/fonts/type1/public/amsfonts/cm/cmr10.pfb>
Output written on "c:/Users\Shaily Mishra\Desktop\Summer Research\Templates\Latex\FAQ\faq.pdf" (1 page, 31259 bytes).
PDF statistics:
 14 PDF objects out of 1000 (max. 8388607)
 0 named destinations out of 1000 (max. 500000)
 1 words of extra memory for PDF output out of 10000 (max. 10000000)

